Using Mixture Normal model...
Done loading data. Preprocessing...
Filtering out 12 gRNAs without any counts over all samples.
Using Mixture Normal model...
Done loading data. Preprocessing...
Filtering out 12 gRNAs without any counts over all samples.
Using Mixture Normal model...
Done loading data. Preprocessing...
Filtering out 12 gRNAs without any counts over all samples.
Using Mixture Normal model...
Done loading data. Preprocessing...
Filtering out 12 gRNAs without any counts over all samples.
Using replicate x guide mask in ReporterScreen.uns['repguide_mask'] to filter out outlier guides.
Using Mixture Normal model...
Done loading data. Preprocessing...
Filtering out 12 gRNAs without any counts over all samples.
Using replicate x guide mask in ReporterScreen.uns['repguide_mask'] to filter out outlier guides.
Running inference for MultiMixtureNormal+Acc...
Using 75 negative control elements to adjust phenotypic effect sizes...
Done running inference. Writing result at ./bean_run_result.bean_count_LDLRCDS_masked_alleleFiltered2/bean_element[sgRNA]_result.MultiMixtureNormal+Acc.csv...
Done!
Using Mixture Normal model...
Done loading data. Preprocessing...
Filtering out 12 gRNAs without any counts over all samples.
Using replicate x guide mask in ReporterScreen.uns['repguide_mask'] to filter out outlier guides.
Using 175 synonymous variants to adjust confidence.
Running inference for MultiMixtureNormal+Acc...
Using 75 negative control elements to adjust phenotypic effect sizes...
Done running inference. Writing result at ./bean_run_result.bean_count_LDLRCDS_masked_alleleFiltered2/bean_element[sgRNA]_result.MultiMixtureNormal+Acc.csv...
Done!
